c:\users\756670\source\repos\parallel-and-concurrent-programming\lab1_vectoradd\lab1_vectoradd\x64\debug\kernel.cu.obj
c:\users\756670\source\repos\parallel-and-concurrent-programming\lab1_vectoradd\lab1_vectoradd\x64\debug\kernel_tests.cu.obj
c:\users\756670\source\repos\parallel-and-concurrent-programming\lab1_vectoradd\x64\debug\lab1_vectoradd.lib
c:\users\756670\source\repos\parallel-and-concurrent-programming\lab1_vectoradd\x64\debug\lab1_vectoradd.exp
c:\users\756670\source\repos\parallel-and-concurrent-programming\lab1_vectoradd\lab1_vectoradd\x64\debug\lab1_vectoradd.ilk
c:\users\iiras\onedrive\documents\2026_hull\parellel_and_concurrent_programming\parallel-and-concurrent-programming\parallel-and-concurrent-programming\lab1_vectoradd\lab1_vectoradd\x64\debug\kernel.cu.cache
c:\users\iiras\onedrive\documents\2026_hull\parellel_and_concurrent_programming\parallel-and-concurrent-programming\parallel-and-concurrent-programming\lab1_vectoradd\lab1_vectoradd\x64\debug\kernel_tests.cu.cache
c:\users\iiras\onedrive\documents\2026_hull\parellel_and_concurrent_programming\parallel-and-concurrent-programming\parallel-and-concurrent-programming\lab1_vectoradd\lab1_vectoradd\x64\debug\kernel.cu.obj
c:\users\iiras\onedrive\documents\2026_hull\parellel_and_concurrent_programming\parallel-and-concurrent-programming\parallel-and-concurrent-programming\lab1_vectoradd\lab1_vectoradd\x64\debug\kernel_tests.cu.obj
c:\users\iiras\onedrive\documents\2026_hull\parellel_and_concurrent_programming\parallel-and-concurrent-programming\parallel-and-concurrent-programming\lab1_vectoradd\lab1_vectoradd\x64\debug\lab1_vectoradd.ilk
c:\users\iiras\onedrive\documents\2026_hull\parellel_and_concurrent_programming\parallel-and-concurrent-programming\parallel-and-concurrent-programming\lab1_vectoradd\lab1_vectoradd\x64\debug\vc143.pdb
c:\users\iiras\onedrive\documents\2026_hull\parellel_and_concurrent_programming\parallel-and-concurrent-programming\parallel-and-concurrent-programming\lab1_vectoradd\x64\debug\lab1_vectoradd.pdb
c:\users\iiras\onedrive\documents\2026_hull\parellel_and_concurrent_programming\parallel-and-concurrent-programming\parallel-and-concurrent-programming\lab1_vectoradd\x64\debug\lab1_vectoradd.exe
c:\users\iiras\onedrive\documents\2026_hull\parellel_and_concurrent_programming\parallel-and-concurrent-programming\parallel-and-concurrent-programming\lab1_vectoradd\lab1_vectoradd\x64\debug\lab1_vectoradd.tlog\cudacompile.read.1u.tlog
c:\users\iiras\onedrive\documents\2026_hull\parellel_and_concurrent_programming\parallel-and-concurrent-programming\parallel-and-concurrent-programming\lab1_vectoradd\lab1_vectoradd\x64\debug\lab1_vectoradd.tlog\cudacompile.write.1u.tlog
c:\users\iiras\onedrive\documents\2026_hull\parellel_and_concurrent_programming\parallel-and-concurrent-programming\parallel-and-concurrent-programming\lab1_vectoradd\lab1_vectoradd\x64\debug\lab1_vectoradd.tlog\link.29320-cvtres.read.1.tlog
c:\users\iiras\onedrive\documents\2026_hull\parellel_and_concurrent_programming\parallel-and-concurrent-programming\parallel-and-concurrent-programming\lab1_vectoradd\lab1_vectoradd\x64\debug\lab1_vectoradd.tlog\link.29320-cvtres.write.1.tlog
c:\users\iiras\onedrive\documents\2026_hull\parellel_and_concurrent_programming\parallel-and-concurrent-programming\parallel-and-concurrent-programming\lab1_vectoradd\lab1_vectoradd\x64\debug\lab1_vectoradd.tlog\link.29320-rc.read.1.tlog
c:\users\iiras\onedrive\documents\2026_hull\parellel_and_concurrent_programming\parallel-and-concurrent-programming\parallel-and-concurrent-programming\lab1_vectoradd\lab1_vectoradd\x64\debug\lab1_vectoradd.tlog\link.29320-rc.write.1.tlog
c:\users\iiras\onedrive\documents\2026_hull\parellel_and_concurrent_programming\parallel-and-concurrent-programming\parallel-and-concurrent-programming\lab1_vectoradd\lab1_vectoradd\x64\debug\lab1_vectoradd.tlog\link.29320.read.1.tlog
c:\users\iiras\onedrive\documents\2026_hull\parellel_and_concurrent_programming\parallel-and-concurrent-programming\parallel-and-concurrent-programming\lab1_vectoradd\lab1_vectoradd\x64\debug\lab1_vectoradd.tlog\link.29320.read.2.tlog
c:\users\iiras\onedrive\documents\2026_hull\parellel_and_concurrent_programming\parallel-and-concurrent-programming\parallel-and-concurrent-programming\lab1_vectoradd\lab1_vectoradd\x64\debug\lab1_vectoradd.tlog\link.29320.read.3.tlog
c:\users\iiras\onedrive\documents\2026_hull\parellel_and_concurrent_programming\parallel-and-concurrent-programming\parallel-and-concurrent-programming\lab1_vectoradd\lab1_vectoradd\x64\debug\lab1_vectoradd.tlog\link.29320.read.4.tlog
c:\users\iiras\onedrive\documents\2026_hull\parellel_and_concurrent_programming\parallel-and-concurrent-programming\parallel-and-concurrent-programming\lab1_vectoradd\lab1_vectoradd\x64\debug\lab1_vectoradd.tlog\link.29320.write.1.tlog
c:\users\iiras\onedrive\documents\2026_hull\parellel_and_concurrent_programming\parallel-and-concurrent-programming\parallel-and-concurrent-programming\lab1_vectoradd\lab1_vectoradd\x64\debug\lab1_vectoradd.tlog\link.command.1.tlog
c:\users\iiras\onedrive\documents\2026_hull\parellel_and_concurrent_programming\parallel-and-concurrent-programming\parallel-and-concurrent-programming\lab1_vectoradd\lab1_vectoradd\x64\debug\lab1_vectoradd.tlog\link.read.1.tlog
c:\users\iiras\onedrive\documents\2026_hull\parellel_and_concurrent_programming\parallel-and-concurrent-programming\parallel-and-concurrent-programming\lab1_vectoradd\lab1_vectoradd\x64\debug\lab1_vectoradd.tlog\link.secondary.1.tlog
c:\users\iiras\onedrive\documents\2026_hull\parellel_and_concurrent_programming\parallel-and-concurrent-programming\parallel-and-concurrent-programming\lab1_vectoradd\lab1_vectoradd\x64\debug\lab1_vectoradd.tlog\link.write.1.tlog
