  Compiling CUDA source file kernel.cu...
  
  C:\Users\iiras\OneDrive\Documents\2026_Hull\Parellel_and_Concurrent_Programming\Parallel-and-Concurrent-Programming\Parallel-and-Concurrent-Programming\Lab1_VectorAdd\Lab1_VectorAdd>"C:\Program Files\NVIDIA GPU Computing Toolkit\CUDA\v12.9\bin\nvcc.exe" -gencode=arch=compute_52,code=\"sm_52,compute_52\" --use-local-env -ccbin "C:\Program Files\Microsoft Visual Studio\18\Community\VC\Tools\MSVC\14.44.35207\bin\HostX64\x64" -x cu   -I"C:\Program Files\NVIDIA GPU Computing Toolkit\CUDA\v12.9\include" -I"C:\Users\iiras\vcpkg\installed\x64-windows\include" -I"C:\Program Files\NVIDIA GPU Computing Toolkit\CUDA\v12.9\include"  -G   --keep-dir x64\Debug  -maxrregcount=0    --machine 64 --compile -cudart static -allow-unsupported-compiler -g  -DWIN32 -DWIN64 -D_CONSOLE -D_MBCS -Xcompiler "/EHsc /W3 /nologo /O2 /FS /Zi  /MD " -Xcompiler "/Fdx64\Debug\vc143.pdb" -o C:\Users\iiras\OneDrive\Documents\2026_Hull\Parellel_and_Concurrent_Programming\Parallel-and-Concurrent-Programming\Parallel-and-Concurrent-Programming\Lab1_VectorAdd\Lab1_VectorAdd\x64\Debug\kernel.cu.obj "C:\Users\iiras\OneDrive\Documents\2026_Hull\Parellel_and_Concurrent_Programming\Parallel-and-Concurrent-Programming\Parallel-and-Concurrent-Programming\Lab1_VectorAdd\Lab1_VectorAdd\kernel.cu" 
C:\Users\iiras\OneDrive\Documents\2026_Hull\Parellel_and_Concurrent_Programming\Parallel-and-Concurrent-Programming\Parallel-and-Concurrent-Programming\Lab1_VectorAdd\Lab1_VectorAdd\kernel.cu(44): warning #546-D: transfer of control bypasses initialization of:
              variable "milliseconds" (declared at line 109)
            goto Error;
            ^
  
  Remark: The warnings can be suppressed with "-diag-suppress <warning-number>"
  
C:\Users\iiras\OneDrive\Documents\2026_Hull\Parellel_and_Concurrent_Programming\Parallel-and-Concurrent-Programming\Parallel-and-Concurrent-Programming\Lab1_VectorAdd\Lab1_VectorAdd\kernel.cu(51): warning #546-D: transfer of control bypasses initialization of:
              variable "milliseconds" (declared at line 109)
            goto Error;
            ^
  
C:\Users\iiras\OneDrive\Documents\2026_Hull\Parellel_and_Concurrent_Programming\Parallel-and-Concurrent-Programming\Parallel-and-Concurrent-Programming\Lab1_VectorAdd\Lab1_VectorAdd\kernel.cu(57): warning #546-D: transfer of control bypasses initialization of:
              variable "milliseconds" (declared at line 109)
            goto Error;
            ^
  
C:\Users\iiras\OneDrive\Documents\2026_Hull\Parellel_and_Concurrent_Programming\Parallel-and-Concurrent-Programming\Parallel-and-Concurrent-Programming\Lab1_VectorAdd\Lab1_VectorAdd\kernel.cu(63): warning #546-D: transfer of control bypasses initialization of:
              variable "milliseconds" (declared at line 109)
            goto Error;
            ^
  
C:\Users\iiras\OneDrive\Documents\2026_Hull\Parellel_and_Concurrent_Programming\Parallel-and-Concurrent-Programming\Parallel-and-Concurrent-Programming\Lab1_VectorAdd\Lab1_VectorAdd\kernel.cu(72): warning #546-D: transfer of control bypasses initialization of:
              variable "milliseconds" (declared at line 109)
            goto Error;
            ^
  
C:\Users\iiras\OneDrive\Documents\2026_Hull\Parellel_and_Concurrent_Programming\Parallel-and-Concurrent-Programming\Parallel-and-Concurrent-Programming\Lab1_VectorAdd\Lab1_VectorAdd\kernel.cu(78): warning #546-D: transfer of control bypasses initialization of:
              variable "milliseconds" (declared at line 109)
            goto Error;
            ^
  
C:\Users\iiras\OneDrive\Documents\2026_Hull\Parellel_and_Concurrent_Programming\Parallel-and-Concurrent-Programming\Parallel-and-Concurrent-Programming\Lab1_VectorAdd\Lab1_VectorAdd\kernel.cu(83): warning #546-D: transfer of control bypasses initialization of:
              variable "milliseconds" (declared at line 109)
            goto Error;
            ^
  
C:\Users\iiras\OneDrive\Documents\2026_Hull\Parellel_and_Concurrent_Programming\Parallel-and-Concurrent-Programming\Parallel-and-Concurrent-Programming\Lab1_VectorAdd\Lab1_VectorAdd\kernel.cu(44): warning #546-D: transfer of control bypasses initialization of:
              variable "milliseconds" (declared at line 109)
            goto Error;
            ^
  
  Remark: The warnings can be suppressed with "-diag-suppress <warning-number>"
  
C:\Users\iiras\OneDrive\Documents\2026_Hull\Parellel_and_Concurrent_Programming\Parallel-and-Concurrent-Programming\Parallel-and-Concurrent-Programming\Lab1_VectorAdd\Lab1_VectorAdd\kernel.cu(51): warning #546-D: transfer of control bypasses initialization of:
              variable "milliseconds" (declared at line 109)
            goto Error;
            ^
  
C:\Users\iiras\OneDrive\Documents\2026_Hull\Parellel_and_Concurrent_Programming\Parallel-and-Concurrent-Programming\Parallel-and-Concurrent-Programming\Lab1_VectorAdd\Lab1_VectorAdd\kernel.cu(57): warning #546-D: transfer of control bypasses initialization of:
              variable "milliseconds" (declared at line 109)
            goto Error;
            ^
  
C:\Users\iiras\OneDrive\Documents\2026_Hull\Parellel_and_Concurrent_Programming\Parallel-and-Concurrent-Programming\Parallel-and-Concurrent-Programming\Lab1_VectorAdd\Lab1_VectorAdd\kernel.cu(63): warning #546-D: transfer of control bypasses initialization of:
              variable "milliseconds" (declared at line 109)
            goto Error;
            ^
  
C:\Users\iiras\OneDrive\Documents\2026_Hull\Parellel_and_Concurrent_Programming\Parallel-and-Concurrent-Programming\Parallel-and-Concurrent-Programming\Lab1_VectorAdd\Lab1_VectorAdd\kernel.cu(72): warning #546-D: transfer of control bypasses initialization of:
              variable "milliseconds" (declared at line 109)
            goto Error;
            ^
  
C:\Users\iiras\OneDrive\Documents\2026_Hull\Parellel_and_Concurrent_Programming\Parallel-and-Concurrent-Programming\Parallel-and-Concurrent-Programming\Lab1_VectorAdd\Lab1_VectorAdd\kernel.cu(78): warning #546-D: transfer of control bypasses initialization of:
              variable "milliseconds" (declared at line 109)
            goto Error;
            ^
  
C:\Users\iiras\OneDrive\Documents\2026_Hull\Parellel_and_Concurrent_Programming\Parallel-and-Concurrent-Programming\Parallel-and-Concurrent-Programming\Lab1_VectorAdd\Lab1_VectorAdd\kernel.cu(83): warning #546-D: transfer of control bypasses initialization of:
              variable "milliseconds" (declared at line 109)
            goto Error;
            ^
  
CUDACOMPILE : nvcc warning : Support for offline compilation for architectures prior to '<compute/sm/lto>_75' will be removed in a future release (Use -Wno-deprecated-gpu-targets to suppress warning).
  kernel.cu
  tmpxft_000056ec_00000000-7_kernel.cudafe1.cpp
     Creating library C:\Users\iiras\OneDrive\Documents\2026_Hull\Parellel_and_Concurrent_Programming\Parallel-and-Concurrent-Programming\Parallel-and-Concurrent-Programming\Lab1_VectorAdd\x64\Debug\Lab1_VectorAdd.lib and object C:\Users\iiras\OneDrive\Documents\2026_Hull\Parellel_and_Concurrent_Programming\Parallel-and-Concurrent-Programming\Parallel-and-Concurrent-Programming\Lab1_VectorAdd\x64\Debug\Lab1_VectorAdd.exp
LINK : warning LNK4098: defaultlib 'LIBCMT' conflicts with use of other libs; use /NODEFAULTLIB:library
  Lab1_VectorAdd.vcxproj -> C:\Users\iiras\OneDrive\Documents\2026_Hull\Parellel_and_Concurrent_Programming\Parallel-and-Concurrent-Programming\Parallel-and-Concurrent-Programming\Lab1_VectorAdd\x64\Debug\Lab1_VectorAdd.exe
  'pwsh.exe' is not recognized as an internal or external command,
  operable program or batch file.
