  Compiling CUDA source file kernel.cu...
  Compiling CUDA source file kernel_tests.cu...
  
  C:\Users\756670\source\repos\Parallel-and-Concurrent-Programming\Lab1_VectorAdd\Lab1_VectorAdd>"C:\Program Files\NVIDIA GPU Computing Toolkit\CUDA\v12.9\bin\nvcc.exe" -gencode=arch=compute_52,code=\"sm_52,compute_52\" --use-local-env -ccbin "C:\Program Files\Microsoft Visual Studio\2022\Enterprise\VC\Tools\MSVC\14.44.35207\bin\HostX64\x64" -x cu   -I"C:\Program Files\NVIDIA GPU Computing Toolkit\CUDA\v12.9\include" -I"C:\Program Files\NVIDIA GPU Computing Toolkit\CUDA\v12.9\include"  -G   --keep-dir x64\Debug  -maxrregcount=0    --machine 64 --compile -cudart static  -g  -DWIN32 -DWIN64 -D_DEBUG -D_CONSOLE -D_MBCS -Xcompiler "/EHsc /W3 /nologo /Od /FS /Zi /RTC1 /MDd " -Xcompiler "/Fdx64\Debug\vc143.pdb" -o C:\Users\756670\source\repos\Parallel-and-Concurrent-Programming\Lab1_VectorAdd\Lab1_VectorAdd\x64\Debug\kernel.cu.obj "C:\Users\756670\source\repos\Parallel-and-Concurrent-Programming\Lab1_VectorAdd\Lab1_VectorAdd\kernel.cu" 
  
  C:\Users\756670\source\repos\Parallel-and-Concurrent-Programming\Lab1_VectorAdd\Lab1_VectorAdd>"C:\Program Files\NVIDIA GPU Computing Toolkit\CUDA\v12.9\bin\nvcc.exe" -gencode=arch=compute_52,code=\"sm_52,compute_52\" --use-local-env -ccbin "C:\Program Files\Microsoft Visual Studio\2022\Enterprise\VC\Tools\MSVC\14.44.35207\bin\HostX64\x64" -x cu   -I"C:\Program Files\NVIDIA GPU Computing Toolkit\CUDA\v12.9\include" -I"C:\Program Files\NVIDIA GPU Computing Toolkit\CUDA\v12.9\include"  -G   --keep-dir x64\Debug  -maxrregcount=0    --machine 64 --compile -cudart static  -g  -DWIN32 -DWIN64 -D_DEBUG -D_CONSOLE -D_MBCS -Xcompiler "/EHsc /W3 /nologo /Od /FS /Zi /RTC1 /MDd " -Xcompiler "/Fdx64\Debug\vc143.pdb" -o C:\Users\756670\source\repos\Parallel-and-Concurrent-Programming\Lab1_VectorAdd\Lab1_VectorAdd\x64\Debug\kernel_tests.cu.obj "C:\Users\756670\source\repos\Parallel-and-Concurrent-Programming\Lab1_VectorAdd\Lab1_VectorAdd\kernel_tests.cu" 
C:\Users\756670\source\repos\Parallel-and-Concurrent-Programming\Lab1_VectorAdd\Lab1_VectorAdd\kernel.cu(49): warning #546-D: transfer of control bypasses initialization of:
              variable "milliseconds" (declared at line 122)
            goto Error;
            ^
  
  Remark: The warnings can be suppressed with "-diag-suppress <warning-number>"
  
C:\Users\756670\source\repos\Parallel-and-Concurrent-Programming\Lab1_VectorAdd\Lab1_VectorAdd\kernel.cu(56): warning #546-D: transfer of control bypasses initialization of:
              variable "milliseconds" (declared at line 122)
            goto Error;
            ^
  
C:\Users\756670\source\repos\Parallel-and-Concurrent-Programming\Lab1_VectorAdd\Lab1_VectorAdd\kernel.cu(62): warning #546-D: transfer of control bypasses initialization of:
              variable "milliseconds" (declared at line 122)
            goto Error;
            ^
  
C:\Users\756670\source\repos\Parallel-and-Concurrent-Programming\Lab1_VectorAdd\Lab1_VectorAdd\kernel.cu(68): warning #546-D: transfer of control bypasses initialization of:
              variable "milliseconds" (declared at line 122)
            goto Error;
            ^
  
C:\Users\756670\source\repos\Parallel-and-Concurrent-Programming\Lab1_VectorAdd\Lab1_VectorAdd\kernel.cu(77): warning #546-D: transfer of control bypasses initialization of:
              variable "milliseconds" (declared at line 122)
            goto Error;
            ^
  
C:\Users\756670\source\repos\Parallel-and-Concurrent-Programming\Lab1_VectorAdd\Lab1_VectorAdd\kernel.cu(83): warning #546-D: transfer of control bypasses initialization of:
              variable "milliseconds" (declared at line 122)
            goto Error;
            ^
  
C:\Users\756670\source\repos\Parallel-and-Concurrent-Programming\Lab1_VectorAdd\Lab1_VectorAdd\kernel.cu(88): warning #546-D: transfer of control bypasses initialization of:
              variable "milliseconds" (declared at line 122)
            goto Error;
            ^
  
C:\Users\756670\source\repos\Parallel-and-Concurrent-Programming\Lab1_VectorAdd\Lab1_VectorAdd\kernel.cu(49): warning #546-D: transfer of control bypasses initialization of:
              variable "milliseconds" (declared at line 122)
            goto Error;
            ^
  
  Remark: The warnings can be suppressed with "-diag-suppress <warning-number>"
  
C:\Users\756670\source\repos\Parallel-and-Concurrent-Programming\Lab1_VectorAdd\Lab1_VectorAdd\kernel.cu(56): warning #546-D: transfer of control bypasses initialization of:
              variable "milliseconds" (declared at line 122)
            goto Error;
            ^
  
C:\Users\756670\source\repos\Parallel-and-Concurrent-Programming\Lab1_VectorAdd\Lab1_VectorAdd\kernel.cu(62): warning #546-D: transfer of control bypasses initialization of:
              variable "milliseconds" (declared at line 122)
            goto Error;
            ^
  
C:\Users\756670\source\repos\Parallel-and-Concurrent-Programming\Lab1_VectorAdd\Lab1_VectorAdd\kernel.cu(68): warning #546-D: transfer of control bypasses initialization of:
              variable "milliseconds" (declared at line 122)
            goto Error;
            ^
  
C:\Users\756670\source\repos\Parallel-and-Concurrent-Programming\Lab1_VectorAdd\Lab1_VectorAdd\kernel.cu(77): warning #546-D: transfer of control bypasses initialization of:
              variable "milliseconds" (declared at line 122)
            goto Error;
            ^
  
C:\Users\756670\source\repos\Parallel-and-Concurrent-Programming\Lab1_VectorAdd\Lab1_VectorAdd\kernel.cu(83): warning #546-D: transfer of control bypasses initialization of:
              variable "milliseconds" (declared at line 122)
            goto Error;
            ^
  
C:\Users\756670\source\repos\Parallel-and-Concurrent-Programming\Lab1_VectorAdd\Lab1_VectorAdd\kernel.cu(88): warning #546-D: transfer of control bypasses initialization of:
              variable "milliseconds" (declared at line 122)
            goto Error;
            ^
  
CUDACOMPILE : nvcc warning : Support for offline compilation for architectures prior to '<compute/sm/lto>_75' will be removed in a future release (Use -Wno-deprecated-gpu-targets to suppress warning).
  kernel.cu
CUDACOMPILE : nvcc warning : Support for offline compilation for architectures prior to '<compute/sm/lto>_75' will be removed in a future release (Use -Wno-deprecated-gpu-targets to suppress warning).
  kernel_tests.cu
  tmpxft_000034a0_00000000-7_kernel.cudafe1.cpp
  tmpxft_00007388_00000000-7_kernel_tests.cudafe1.cpp
kernel_tests.cu.obj : error LNK2005: main already defined in kernel.cu.obj
     Creating library C:\Users\756670\Source\Repos\Parallel-and-Concurrent-Programming\Lab1_VectorAdd\x64\Debug\Lab1_VectorAdd.lib and object C:\Users\756670\Source\Repos\Parallel-and-Concurrent-Programming\Lab1_VectorAdd\x64\Debug\Lab1_VectorAdd.exp
LINK : warning LNK4098: defaultlib 'LIBCMT' conflicts with use of other libs; use /NODEFAULTLIB:library
C:\Users\756670\Source\Repos\Parallel-and-Concurrent-Programming\Lab1_VectorAdd\x64\Debug\Lab1_VectorAdd.exe : fatal error LNK1169: one or more multiply defined symbols found
